2024/06/16 10:33:24 [notice] 1#1: using the "epoll" event method
2024/06/16 10:33:24 [notice] 1#1: nginx/1.21.6
2024/06/16 10:33:24 [notice] 1#1: built by gcc 10.2.1 20210110 (Debian 10.2.1-6) 
2024/06/16 10:33:24 [notice] 1#1: OS: Linux 6.5.0-35-generic
2024/06/16 10:33:24 [notice] 1#1: getrlimit(RLIMIT_NOFILE): 1048576:1048576
2024/06/16 10:33:24 [notice] 1#1: start worker processes
2024/06/16 10:33:24 [notice] 1#1: start worker process 30
2024/06/16 10:33:24 [notice] 1#1: start worker process 31
2024/06/16 10:33:24 [notice] 1#1: start worker process 32
2024/06/16 10:33:24 [notice] 1#1: start worker process 33
2024/06/16 10:33:24 [notice] 1#1: start worker process 34
2024/06/16 10:33:24 [notice] 1#1: start worker process 35
2024/06/16 10:33:24 [notice] 1#1: start worker process 36
2024/06/16 10:33:24 [notice] 1#1: start worker process 37
2024/06/16 10:36:16 [notice] 1#1: signal 3 (SIGQUIT) received, shutting down
2024/06/16 10:36:16 [notice] 31#31: gracefully shutting down
2024/06/16 10:36:16 [notice] 30#30: gracefully shutting down
2024/06/16 10:36:16 [notice] 33#33: gracefully shutting down
2024/06/16 10:36:16 [notice] 31#31: exiting
2024/06/16 10:36:16 [notice] 30#30: exiting
2024/06/16 10:36:16 [notice] 33#33: exiting
2024/06/16 10:36:16 [notice] 32#32: gracefully shutting down
2024/06/16 10:36:16 [notice] 34#34: gracefully shutting down
2024/06/16 10:36:16 [notice] 36#36: gracefully shutting down
2024/06/16 10:36:16 [notice] 32#32: exiting
2024/06/16 10:36:16 [notice] 34#34: exiting
2024/06/16 10:36:16 [notice] 36#36: exiting
2024/06/16 10:36:16 [notice] 35#35: gracefully shutting down
2024/06/16 10:36:16 [notice] 37#37: gracefully shutting down
2024/06/16 10:36:16 [notice] 35#35: exiting
2024/06/16 10:36:16 [notice] 37#37: exiting
2024/06/16 10:36:16 [notice] 31#31: exit
2024/06/16 10:36:16 [notice] 32#32: exit
2024/06/16 10:36:16 [notice] 33#33: exit
2024/06/16 10:36:16 [notice] 37#37: exit
2024/06/16 10:36:16 [notice] 35#35: exit
2024/06/16 10:36:16 [notice] 30#30: exit
2024/06/16 10:36:16 [notice] 36#36: exit
2024/06/16 10:36:16 [notice] 34#34: exit
2024/06/16 10:36:16 [notice] 1#1: signal 17 (SIGCHLD) received from 34
2024/06/16 10:36:16 [notice] 1#1: worker process 32 exited with code 0
2024/06/16 10:36:16 [notice] 1#1: worker process 34 exited with code 0
2024/06/16 10:36:16 [notice] 1#1: signal 29 (SIGIO) received
2024/06/16 10:36:16 [notice] 1#1: signal 17 (SIGCHLD) received from 33
2024/06/16 10:36:16 [notice] 1#1: worker process 33 exited with code 0
2024/06/16 10:36:16 [notice] 1#1: worker process 37 exited with code 0
2024/06/16 10:36:16 [notice] 1#1: signal 29 (SIGIO) received
2024/06/16 10:36:16 [notice] 1#1: signal 17 (SIGCHLD) received from 35
2024/06/16 10:36:16 [notice] 1#1: worker process 30 exited with code 0
2024/06/16 10:36:16 [notice] 1#1: worker process 35 exited with code 0
2024/06/16 10:36:16 [notice] 1#1: signal 29 (SIGIO) received
2024/06/16 10:36:16 [notice] 1#1: signal 17 (SIGCHLD) received from 30
2024/06/16 10:36:16 [notice] 1#1: signal 17 (SIGCHLD) received from 36
2024/06/16 10:36:16 [notice] 1#1: worker process 36 exited with code 0
2024/06/16 10:36:16 [notice] 1#1: signal 29 (SIGIO) received
2024/06/16 10:36:16 [notice] 1#1: signal 17 (SIGCHLD) received from 31
2024/06/16 10:36:16 [notice] 1#1: worker process 31 exited with code 0
2024/06/16 10:36:16 [notice] 1#1: exit
2024/06/16 10:36:42 [notice] 1#1: using the "epoll" event method
2024/06/16 10:36:42 [notice] 1#1: nginx/1.21.6
2024/06/16 10:36:42 [notice] 1#1: built by gcc 10.2.1 20210110 (Debian 10.2.1-6) 
2024/06/16 10:36:42 [notice] 1#1: OS: Linux 6.5.0-35-generic
2024/06/16 10:36:42 [notice] 1#1: getrlimit(RLIMIT_NOFILE): 1048576:1048576
2024/06/16 10:36:42 [notice] 1#1: start worker processes
2024/06/16 10:36:42 [notice] 1#1: start worker process 30
2024/06/16 10:36:42 [notice] 1#1: start worker process 31
2024/06/16 10:36:42 [notice] 1#1: start worker process 32
2024/06/16 10:36:42 [notice] 1#1: start worker process 33
2024/06/16 10:36:42 [notice] 1#1: start worker process 34
2024/06/16 10:36:42 [notice] 1#1: start worker process 35
2024/06/16 10:36:42 [notice] 1#1: start worker process 36
2024/06/16 10:36:42 [notice] 1#1: start worker process 37
2024/06/16 10:39:10 [notice] 1#1: signal 3 (SIGQUIT) received, shutting down
2024/06/16 10:39:10 [notice] 31#31: gracefully shutting down
2024/06/16 10:39:10 [notice] 30#30: gracefully shutting down
2024/06/16 10:39:10 [notice] 32#32: gracefully shutting down
2024/06/16 10:39:10 [notice] 31#31: exiting
2024/06/16 10:39:10 [notice] 30#30: exiting
2024/06/16 10:39:10 [notice] 32#32: exiting
2024/06/16 10:39:10 [notice] 34#34: gracefully shutting down
2024/06/16 10:39:10 [notice] 35#35: gracefully shutting down
2024/06/16 10:39:10 [notice] 34#34: exiting
2024/06/16 10:39:10 [notice] 35#35: exiting
2024/06/16 10:39:10 [notice] 33#33: gracefully shutting down
2024/06/16 10:39:10 [notice] 36#36: gracefully shutting down
2024/06/16 10:39:10 [notice] 37#37: gracefully shutting down
2024/06/16 10:39:10 [notice] 33#33: exiting
2024/06/16 10:39:10 [notice] 36#36: exiting
2024/06/16 10:39:10 [notice] 37#37: exiting
2024/06/16 10:39:10 [notice] 31#31: exit
2024/06/16 10:39:10 [notice] 30#30: exit
2024/06/16 10:39:10 [notice] 32#32: exit
2024/06/16 10:39:10 [notice] 34#34: exit
2024/06/16 10:39:10 [notice] 35#35: exit
2024/06/16 10:39:10 [notice] 36#36: exit
2024/06/16 10:39:10 [notice] 33#33: exit
2024/06/16 10:39:10 [notice] 37#37: exit
2024/06/16 10:39:10 [notice] 1#1: signal 17 (SIGCHLD) received from 37
2024/06/16 10:39:10 [notice] 1#1: worker process 37 exited with code 0
2024/06/16 10:39:10 [notice] 1#1: signal 29 (SIGIO) received
2024/06/16 10:39:10 [notice] 1#1: signal 17 (SIGCHLD) received from 34
2024/06/16 10:39:10 [notice] 1#1: worker process 34 exited with code 0
2024/06/16 10:39:10 [notice] 1#1: worker process 36 exited with code 0
2024/06/16 10:39:10 [notice] 1#1: signal 29 (SIGIO) received
2024/06/16 10:39:10 [notice] 1#1: signal 17 (SIGCHLD) received from 32
2024/06/16 10:39:10 [notice] 1#1: worker process 32 exited with code 0
2024/06/16 10:39:10 [notice] 1#1: worker process 31 exited with code 0
2024/06/16 10:39:10 [notice] 1#1: worker process 30 exited with code 0
2024/06/16 10:39:10 [notice] 1#1: worker process 35 exited with code 0
2024/06/16 10:39:10 [notice] 1#1: signal 29 (SIGIO) received
2024/06/16 10:39:10 [notice] 1#1: signal 17 (SIGCHLD) received from 31
2024/06/16 10:39:10 [notice] 1#1: signal 17 (SIGCHLD) received from 33
2024/06/16 10:39:10 [notice] 1#1: worker process 33 exited with code 0
2024/06/16 10:39:10 [notice] 1#1: exit
2024/06/16 10:39:33 [notice] 1#1: using the "epoll" event method
2024/06/16 10:39:33 [notice] 1#1: nginx/1.21.6
2024/06/16 10:39:33 [notice] 1#1: built by gcc 10.2.1 20210110 (Debian 10.2.1-6) 
2024/06/16 10:39:33 [notice] 1#1: OS: Linux 6.5.0-35-generic
2024/06/16 10:39:33 [notice] 1#1: getrlimit(RLIMIT_NOFILE): 1048576:1048576
2024/06/16 10:39:33 [notice] 1#1: start worker processes
2024/06/16 10:39:33 [notice] 1#1: start worker process 30
2024/06/16 10:39:33 [notice] 1#1: start worker process 31
2024/06/16 10:39:33 [notice] 1#1: start worker process 32
2024/06/16 10:39:33 [notice] 1#1: start worker process 33
2024/06/16 10:39:33 [notice] 1#1: start worker process 34
2024/06/16 10:39:33 [notice] 1#1: start worker process 35
2024/06/16 10:39:33 [notice] 1#1: start worker process 36
2024/06/16 10:39:33 [notice] 1#1: start worker process 37
2024/06/16 10:41:05 [notice] 1#1: signal 3 (SIGQUIT) received, shutting down
2024/06/16 10:41:05 [notice] 31#31: gracefully shutting down
2024/06/16 10:41:05 [notice] 30#30: gracefully shutting down
2024/06/16 10:41:05 [notice] 33#33: gracefully shutting down
2024/06/16 10:41:05 [notice] 35#35: gracefully shutting down
2024/06/16 10:41:05 [notice] 31#31: exiting
2024/06/16 10:41:05 [notice] 30#30: exiting
2024/06/16 10:41:05 [notice] 33#33: exiting
2024/06/16 10:41:05 [notice] 35#35: exiting
2024/06/16 10:41:05 [notice] 32#32: gracefully shutting down
2024/06/16 10:41:05 [notice] 34#34: gracefully shutting down
2024/06/16 10:41:05 [notice] 36#36: gracefully shutting down
2024/06/16 10:41:05 [notice] 32#32: exiting
2024/06/16 10:41:05 [notice] 37#37: gracefully shutting down
2024/06/16 10:41:05 [notice] 34#34: exiting
2024/06/16 10:41:05 [notice] 36#36: exiting
2024/06/16 10:41:05 [notice] 37#37: exiting
2024/06/16 10:41:05 [notice] 30#30: exit
2024/06/16 10:41:05 [notice] 33#33: exit
2024/06/16 10:41:05 [notice] 32#32: exit
2024/06/16 10:41:05 [notice] 36#36: exit
2024/06/16 10:41:05 [notice] 37#37: exit
2024/06/16 10:41:05 [notice] 34#34: exit
2024/06/16 10:41:05 [notice] 35#35: exit
2024/06/16 10:41:05 [notice] 31#31: exit
2024/06/16 10:41:05 [notice] 1#1: signal 17 (SIGCHLD) received from 30
2024/06/16 10:41:05 [notice] 1#1: worker process 30 exited with code 0
2024/06/16 10:41:05 [notice] 1#1: signal 29 (SIGIO) received
2024/06/16 10:41:05 [notice] 1#1: signal 17 (SIGCHLD) received from 36
2024/06/16 10:41:05 [notice] 1#1: worker process 33 exited with code 0
2024/06/16 10:41:05 [notice] 1#1: worker process 36 exited with code 0
2024/06/16 10:41:05 [notice] 1#1: worker process 35 exited with code 0
2024/06/16 10:41:05 [notice] 1#1: signal 29 (SIGIO) received
2024/06/16 10:41:05 [notice] 1#1: signal 17 (SIGCHLD) received from 33
2024/06/16 10:41:05 [notice] 1#1: worker process 32 exited with code 0
2024/06/16 10:41:05 [notice] 1#1: signal 29 (SIGIO) received
2024/06/16 10:41:05 [notice] 1#1: signal 17 (SIGCHLD) received from 31
2024/06/16 10:41:05 [notice] 1#1: worker process 31 exited with code 0
2024/06/16 10:41:05 [notice] 1#1: signal 29 (SIGIO) received
2024/06/16 10:41:05 [notice] 1#1: signal 17 (SIGCHLD) received from 37
2024/06/16 10:41:05 [notice] 1#1: worker process 37 exited with code 0
2024/06/16 10:41:05 [notice] 1#1: worker process 34 exited with code 0
2024/06/16 10:41:05 [notice] 1#1: exit
2024/06/16 10:41:40 [notice] 1#1: using the "epoll" event method
2024/06/16 10:41:40 [notice] 1#1: nginx/1.21.6
2024/06/16 10:41:40 [notice] 1#1: built by gcc 10.2.1 20210110 (Debian 10.2.1-6) 
2024/06/16 10:41:40 [notice] 1#1: OS: Linux 6.5.0-35-generic
2024/06/16 10:41:40 [notice] 1#1: getrlimit(RLIMIT_NOFILE): 1048576:1048576
2024/06/16 10:41:40 [notice] 1#1: start worker processes
2024/06/16 10:41:40 [notice] 1#1: start worker process 31
2024/06/16 10:41:40 [notice] 1#1: start worker process 32
2024/06/16 10:41:40 [notice] 1#1: start worker process 33
2024/06/16 10:41:40 [notice] 1#1: start worker process 34
2024/06/16 10:41:40 [notice] 1#1: start worker process 35
2024/06/16 10:41:40 [notice] 1#1: start worker process 36
2024/06/16 10:41:40 [notice] 1#1: start worker process 37
2024/06/16 10:41:40 [notice] 1#1: start worker process 38
2024/06/16 10:43:07 [notice] 1#1: signal 3 (SIGQUIT) received, shutting down
2024/06/16 10:43:07 [notice] 32#32: gracefully shutting down
2024/06/16 10:43:07 [notice] 32#32: exiting
2024/06/16 10:43:07 [notice] 32#32: exit
2024/06/16 10:43:07 [notice] 31#31: gracefully shutting down
2024/06/16 10:43:07 [notice] 31#31: exiting
2024/06/16 10:43:07 [notice] 31#31: exit
2024/06/16 10:43:07 [notice] 33#33: gracefully shutting down
2024/06/16 10:43:07 [notice] 36#36: gracefully shutting down
2024/06/16 10:43:07 [notice] 38#38: gracefully shutting down
2024/06/16 10:43:07 [notice] 33#33: exiting
2024/06/16 10:43:07 [notice] 36#36: exiting
2024/06/16 10:43:07 [notice] 38#38: exiting
2024/06/16 10:43:07 [notice] 36#36: exit
2024/06/16 10:43:07 [notice] 33#33: exit
2024/06/16 10:43:07 [notice] 38#38: exit
2024/06/16 10:43:07 [notice] 34#34: gracefully shutting down
2024/06/16 10:43:07 [notice] 34#34: exiting
2024/06/16 10:43:07 [notice] 34#34: exit
2024/06/16 10:43:07 [notice] 35#35: gracefully shutting down
2024/06/16 10:43:07 [notice] 35#35: exiting
2024/06/16 10:43:07 [notice] 35#35: exit
2024/06/16 10:43:07 [notice] 37#37: gracefully shutting down
2024/06/16 10:43:07 [notice] 37#37: exiting
2024/06/16 10:43:07 [notice] 37#37: exit
2024/06/16 10:43:07 [notice] 1#1: signal 17 (SIGCHLD) received from 36
2024/06/16 10:43:07 [notice] 1#1: worker process 36 exited with code 0
2024/06/16 10:43:07 [notice] 1#1: signal 29 (SIGIO) received
2024/06/16 10:43:07 [notice] 1#1: signal 17 (SIGCHLD) received from 33
2024/06/16 10:43:07 [notice] 1#1: worker process 33 exited with code 0
2024/06/16 10:43:07 [notice] 1#1: worker process 38 exited with code 0
2024/06/16 10:43:07 [notice] 1#1: signal 29 (SIGIO) received
2024/06/16 10:43:07 [notice] 1#1: signal 17 (SIGCHLD) received from 38
2024/06/16 10:43:07 [notice] 1#1: signal 17 (SIGCHLD) received from 32
2024/06/16 10:43:07 [notice] 1#1: worker process 32 exited with code 0
2024/06/16 10:43:07 [notice] 1#1: signal 29 (SIGIO) received
2024/06/16 10:43:07 [notice] 1#1: signal 17 (SIGCHLD) received from 34
2024/06/16 10:43:07 [notice] 1#1: worker process 34 exited with code 0
2024/06/16 10:43:07 [notice] 1#1: signal 29 (SIGIO) received
2024/06/16 10:43:07 [notice] 1#1: signal 17 (SIGCHLD) received from 35
2024/06/16 10:43:07 [notice] 1#1: worker process 35 exited with code 0
2024/06/16 10:43:07 [notice] 1#1: signal 29 (SIGIO) received
2024/06/16 10:43:07 [notice] 1#1: signal 17 (SIGCHLD) received from 37
2024/06/16 10:43:07 [notice] 1#1: worker process 37 exited with code 0
2024/06/16 10:43:07 [notice] 1#1: signal 29 (SIGIO) received
2024/06/16 10:43:07 [notice] 1#1: signal 17 (SIGCHLD) received from 31
2024/06/16 10:43:07 [notice] 1#1: worker process 31 exited with code 0
2024/06/16 10:43:07 [notice] 1#1: exit
2024/06/16 10:43:43 [notice] 1#1: using the "epoll" event method
2024/06/16 10:43:43 [notice] 1#1: nginx/1.21.6
2024/06/16 10:43:43 [notice] 1#1: built by gcc 10.2.1 20210110 (Debian 10.2.1-6) 
2024/06/16 10:43:43 [notice] 1#1: OS: Linux 6.5.0-35-generic
2024/06/16 10:43:43 [notice] 1#1: getrlimit(RLIMIT_NOFILE): 1048576:1048576
2024/06/16 10:43:43 [notice] 1#1: start worker processes
2024/06/16 10:43:43 [notice] 1#1: start worker process 30
2024/06/16 10:43:43 [notice] 1#1: start worker process 31
2024/06/16 10:43:43 [notice] 1#1: start worker process 32
2024/06/16 10:43:43 [notice] 1#1: start worker process 33
2024/06/16 10:43:43 [notice] 1#1: start worker process 34
2024/06/16 10:43:43 [notice] 1#1: start worker process 35
2024/06/16 10:43:43 [notice] 1#1: start worker process 36
2024/06/16 10:43:43 [notice] 1#1: start worker process 37
2024/06/16 10:46:13 [notice] 1#1: signal 3 (SIGQUIT) received, shutting down
2024/06/16 10:46:13 [notice] 30#30: gracefully shutting down
2024/06/16 10:46:13 [notice] 31#31: gracefully shutting down
2024/06/16 10:46:13 [notice] 30#30: exiting
2024/06/16 10:46:13 [notice] 32#32: gracefully shutting down
2024/06/16 10:46:13 [notice] 31#31: exiting
2024/06/16 10:46:13 [notice] 32#32: exiting
2024/06/16 10:46:13 [notice] 33#33: gracefully shutting down
2024/06/16 10:46:13 [notice] 34#34: gracefully shutting down
2024/06/16 10:46:13 [notice] 37#37: gracefully shutting down
2024/06/16 10:46:13 [notice] 35#35: gracefully shutting down
2024/06/16 10:46:13 [notice] 33#33: exiting
2024/06/16 10:46:13 [notice] 34#34: exiting
2024/06/16 10:46:13 [notice] 37#37: exiting
2024/06/16 10:46:13 [notice] 35#35: exiting
2024/06/16 10:46:13 [notice] 36#36: gracefully shutting down
2024/06/16 10:46:13 [notice] 36#36: exiting
2024/06/16 10:46:13 [notice] 30#30: exit
2024/06/16 10:46:13 [notice] 33#33: exit
2024/06/16 10:46:13 [notice] 36#36: exit
2024/06/16 10:46:13 [notice] 32#32: exit
2024/06/16 10:46:13 [notice] 34#34: exit
2024/06/16 10:46:13 [notice] 35#35: exit
2024/06/16 10:46:13 [notice] 37#37: exit
2024/06/16 10:46:13 [notice] 31#31: exit
2024/06/16 10:46:13 [notice] 1#1: signal 17 (SIGCHLD) received from 31
2024/06/16 10:46:13 [notice] 1#1: worker process 31 exited with code 0
2024/06/16 10:46:13 [notice] 1#1: worker process 35 exited with code 0
2024/06/16 10:46:13 [notice] 1#1: signal 29 (SIGIO) received
2024/06/16 10:46:13 [notice] 1#1: signal 17 (SIGCHLD) received from 35
2024/06/16 10:46:13 [notice] 1#1: worker process 30 exited with code 0
2024/06/16 10:46:13 [notice] 1#1: worker process 33 exited with code 0
2024/06/16 10:46:13 [notice] 1#1: worker process 37 exited with code 0
2024/06/16 10:46:13 [notice] 1#1: signal 29 (SIGIO) received
2024/06/16 10:46:13 [notice] 1#1: signal 17 (SIGCHLD) received from 32
2024/06/16 10:46:13 [notice] 1#1: worker process 32 exited with code 0
2024/06/16 10:46:13 [notice] 1#1: worker process 34 exited with code 0
2024/06/16 10:46:13 [notice] 1#1: signal 29 (SIGIO) received
2024/06/16 10:46:13 [notice] 1#1: signal 17 (SIGCHLD) received from 34
2024/06/16 10:46:13 [notice] 1#1: signal 17 (SIGCHLD) received from 36
2024/06/16 10:46:13 [notice] 1#1: worker process 36 exited with code 0
2024/06/16 10:46:13 [notice] 1#1: exit
2024/06/16 10:46:37 [emerg] 1#1: "http" directive is not allowed here in /etc/nginx/conf.d/default.conf:1
2024/06/16 10:46:38 [emerg] 1#1: "http" directive is not allowed here in /etc/nginx/conf.d/default.conf:1
2024/06/16 10:46:42 [emerg] 1#1: "http" directive is not allowed here in /etc/nginx/conf.d/default.conf:1
2024/06/16 10:46:45 [emerg] 1#1: "http" directive is not allowed here in /etc/nginx/conf.d/default.conf:1
2024/06/16 10:46:47 [emerg] 1#1: "http" directive is not allowed here in /etc/nginx/conf.d/default.conf:1
2024/06/16 10:46:49 [emerg] 1#1: "http" directive is not allowed here in /etc/nginx/conf.d/default.conf:1
2024/06/16 10:46:53 [emerg] 1#1: "http" directive is not allowed here in /etc/nginx/conf.d/default.conf:1
2024/06/16 10:46:59 [emerg] 1#1: "http" directive is not allowed here in /etc/nginx/conf.d/default.conf:1
2024/06/16 10:47:13 [emerg] 1#1: "http" directive is not allowed here in /etc/nginx/conf.d/default.conf:1
2024/06/16 10:47:39 [emerg] 1#1: "http" directive is not allowed here in /etc/nginx/conf.d/default.conf:1
2024/06/16 10:48:30 [emerg] 1#1: "http" directive is not allowed here in /etc/nginx/conf.d/default.conf:1
2024/06/16 10:49:30 [emerg] 1#1: "http" directive is not allowed here in /etc/nginx/conf.d/default.conf:1
2024/06/16 10:50:31 [emerg] 1#1: host not found in upstream "api-gateway" in /etc/nginx/conf.d/default.conf:13
2024/06/16 10:51:02 [emerg] 1#1: host not found in upstream "api-gateway" in /etc/nginx/conf.d/default.conf:13
2024/06/16 10:51:04 [emerg] 1#1: host not found in upstream "api-gateway" in /etc/nginx/conf.d/default.conf:13
2024/06/16 10:51:05 [emerg] 1#1: host not found in upstream "api-gateway" in /etc/nginx/conf.d/default.conf:13
2024/06/16 10:51:06 [emerg] 1#1: host not found in upstream "api-gateway" in /etc/nginx/conf.d/default.conf:13
2024/06/16 10:51:07 [emerg] 1#1: host not found in upstream "api-gateway" in /etc/nginx/conf.d/default.conf:13
2024/06/16 10:51:10 [emerg] 1#1: host not found in upstream "api-gateway" in /etc/nginx/conf.d/default.conf:13
2024/06/16 10:51:14 [emerg] 1#1: host not found in upstream "api-gateway" in /etc/nginx/conf.d/default.conf:13
2024/06/16 10:51:21 [emerg] 1#1: host not found in upstream "api-gateway" in /etc/nginx/conf.d/default.conf:13
2024/06/16 10:51:34 [emerg] 1#1: host not found in upstream "api-gateway" in /etc/nginx/conf.d/default.conf:13
2024/06/16 10:52:00 [emerg] 1#1: host not found in upstream "api-gateway" in /etc/nginx/conf.d/default.conf:13
2024/06/16 10:52:51 [emerg] 1#1: host not found in upstream "api-gateway" in /etc/nginx/conf.d/default.conf:13
2024/06/16 10:53:53 [emerg] 1#1: host not found in upstream "dialog-service-1:8081" in /etc/nginx/nginx.conf:30
2024/06/16 10:53:54 [emerg] 1#1: host not found in upstream "dialog-service-1:8081" in /etc/nginx/nginx.conf:30
2024/06/16 10:53:55 [emerg] 1#1: host not found in upstream "dialog-service-1:8081" in /etc/nginx/nginx.conf:30
2024/06/16 10:53:56 [emerg] 1#1: host not found in upstream "dialog-service-2:8081" in /etc/nginx/nginx.conf:31
2024/06/16 11:41:58 [emerg] 1#1: host not found in upstream "dialog-service-1:8081" in /etc/nginx/nginx.conf:30
2024/06/16 11:42:01 [emerg] 1#1: host not found in upstream "dialog-service-1:8081" in /etc/nginx/nginx.conf:30
2024/06/16 11:42:02 [emerg] 1#1: host not found in upstream "dialog-service-1:8081" in /etc/nginx/nginx.conf:30
2024/06/16 11:42:03 [emerg] 1#1: host not found in upstream "dialog-service-1:8081" in /etc/nginx/nginx.conf:30
2024/06/16 11:42:04 [emerg] 1#1: host not found in upstream "dialog-service-2:8081" in /etc/nginx/nginx.conf:31
2024/06/16 11:42:06 [emerg] 1#1: host not found in upstream "dialog-service-2:8081" in /etc/nginx/nginx.conf:31
2024/06/16 11:42:33 [emerg] 1#1: host not found in upstream "dialog-service-1:8081" in /etc/nginx/nginx.conf:30
2024/06/16 11:42:35 [emerg] 1#1: host not found in upstream "dialog-service-1:8081" in /etc/nginx/nginx.conf:30
2024/06/16 11:42:37 [emerg] 1#1: host not found in upstream "dialog-service-2:8081" in /etc/nginx/nginx.conf:31
2024/06/16 12:02:09 [emerg] 1#1: host not found in upstream "dialog-service-1:8081" in /etc/nginx/nginx.conf:30
2024/06/16 12:02:11 [emerg] 1#1: host not found in upstream "dialog-service-1:8081" in /etc/nginx/nginx.conf:30
2024/06/16 12:02:12 [emerg] 1#1: host not found in upstream "dialog-service-2:8081" in /etc/nginx/nginx.conf:31
2024/06/16 12:09:59 [emerg] 1#1: host not found in upstream "dialog-service-1:8081" in /etc/nginx/nginx.conf:30
2024/06/16 12:10:00 [emerg] 1#1: host not found in upstream "dialog-service-1:8081" in /etc/nginx/nginx.conf:30
2024/06/16 12:10:02 [emerg] 1#1: host not found in upstream "dialog-service-1:8081" in /etc/nginx/nginx.conf:30
2024/06/16 12:10:03 [emerg] 1#1: host not found in upstream "dialog-service-2:8081" in /etc/nginx/nginx.conf:31
2024/06/16 12:10:05 [emerg] 1#1: host not found in upstream "dialog-service-2:8081" in /etc/nginx/nginx.conf:31
2024/06/16 12:19:49 [emerg] 1#1: host not found in upstream "dialog-service-1:8081" in /etc/nginx/nginx.conf:30
2024/06/16 12:19:51 [emerg] 1#1: host not found in upstream "dialog-service-1:8081" in /etc/nginx/nginx.conf:30
2024/06/16 12:19:52 [emerg] 1#1: host not found in upstream "dialog-service-1:8081" in /etc/nginx/nginx.conf:30
2024/06/16 12:19:53 [emerg] 1#1: host not found in upstream "dialog-service-1:8081" in /etc/nginx/nginx.conf:30
2024/06/16 12:19:54 [emerg] 1#1: host not found in upstream "dialog-service-2:8081" in /etc/nginx/nginx.conf:31
2024/06/16 12:22:35 [emerg] 1#1: host not found in upstream "dialog-service-1:8081" in /etc/nginx/nginx.conf:30
2024/06/16 12:22:36 [emerg] 1#1: host not found in upstream "dialog-service-1:8081" in /etc/nginx/nginx.conf:30
2024/06/16 12:22:37 [emerg] 1#1: host not found in upstream "dialog-service-1:8081" in /etc/nginx/nginx.conf:30
2024/06/16 12:22:38 [emerg] 1#1: host not found in upstream "dialog-service-1:8081" in /etc/nginx/nginx.conf:30
2024/06/16 12:30:44 [emerg] 1#1: host not found in upstream "dialog-service-1:8081" in /etc/nginx/nginx.conf:30
2024/06/16 12:30:45 [emerg] 1#1: host not found in upstream "dialog-service-1:8081" in /etc/nginx/nginx.conf:30
2024/06/16 12:30:47 [emerg] 1#1: host not found in upstream "dialog-service-1:8081" in /etc/nginx/nginx.conf:30
2024/06/16 12:30:48 [emerg] 1#1: host not found in upstream "dialog-service-1:8081" in /etc/nginx/nginx.conf:30
2024/06/16 12:30:50 [emerg] 1#1: host not found in upstream "dialog-service-2:8081" in /etc/nginx/nginx.conf:31
2024/06/16 12:38:14 [emerg] 1#1: host not found in upstream "dialog-service-1:8081" in /etc/nginx/nginx.conf:30
2024/06/16 12:38:16 [emerg] 1#1: host not found in upstream "dialog-service-1:8081" in /etc/nginx/nginx.conf:30
2024/06/16 12:38:18 [emerg] 1#1: host not found in upstream "dialog-service-1:8081" in /etc/nginx/nginx.conf:30
2024/06/16 12:38:19 [emerg] 1#1: host not found in upstream "dialog-service-1:8081" in /etc/nginx/nginx.conf:30
2024/06/16 12:38:21 [emerg] 1#1: host not found in upstream "dialog-service-2:8081" in /etc/nginx/nginx.conf:31
2024/06/16 12:48:06 [emerg] 1#1: host not found in upstream "dialog-service-1:8081" in /etc/nginx/nginx.conf:30
2024/06/16 12:48:06 [emerg] 1#1: host not found in upstream "dialog-service-1:8081" in /etc/nginx/nginx.conf:30
2024/06/16 12:48:07 [emerg] 1#1: host not found in upstream "dialog-service-2:8081" in /etc/nginx/nginx.conf:31
2024/06/16 12:48:08 [emerg] 1#1: host not found in upstream "dialog-service-2:8081" in /etc/nginx/nginx.conf:31
2024/06/16 12:53:09 [emerg] 1#1: host not found in upstream "dialog-service-1:8081" in /etc/nginx/nginx.conf:30
2024/06/16 12:53:10 [emerg] 1#1: host not found in upstream "dialog-service-1:8081" in /etc/nginx/nginx.conf:30
2024/06/16 12:53:12 [emerg] 1#1: host not found in upstream "dialog-service-2:8081" in /etc/nginx/nginx.conf:31
2024/06/16 12:56:20 [emerg] 1#1: host not found in upstream "dialog-service-1:8081" in /etc/nginx/nginx.conf:30
2024/06/16 12:56:21 [emerg] 1#1: host not found in upstream "dialog-service-1:8081" in /etc/nginx/nginx.conf:30
2024/06/16 12:56:22 [emerg] 1#1: host not found in upstream "dialog-service-1:8081" in /etc/nginx/nginx.conf:30
2024/06/16 12:56:24 [emerg] 1#1: host not found in upstream "dialog-service-1:8081" in /etc/nginx/nginx.conf:30
2024/06/16 12:56:25 [emerg] 1#1: host not found in upstream "dialog-service-2:8081" in /etc/nginx/nginx.conf:31
